Stream starting
Batch: 0
statusCode: 200
Batch: 1
statusCode: 200
Batch: 2
statusCode: 200
Batch: 3
statusCode: 200
Batch: 4
statusCode: 200
Batch: 5
statusCode: 200
Batch: 6
statusCode: 200
Batch: 7
statusCode: 200
Batch: 8
statusCode: 200
Batch: 9
statusCode: 200
Batch: 10
statusCode: 200
500
[ [ '/w/index.php?title=Category_talk:Guatemalan_women_by_century&curid=58198344&diff=873364774&oldid=855581871',
    '20181212190327',
    true ],
  [ '/w/index.php?title=Maria_Dobrova&curid=48009224&diff=873364771&oldid=855780701',
    '20181212190327',
    true ],
  [ '/w/index.php?title=Funnelbeaker_culture&curid=902787&diff=873364767&oldid=861973992',
    '20181212190327',
    true ],
  [ '/w/index.php?title=2019_Charlotte_49ers_football_team&curid=59302652&diff=873364770&oldid=873364350',
    '20181212190327',
    true ],
  [ '/w/index.php?title=User_talk:SonofSetanta&curid=29179341&diff=873364773&oldid=872990445',
    '20181212190327',
    true ],
  [ '/w/index.php?title=Talk:Japf%C3%BC_Christian_College&curid=54931357&diff=873364766&oldid=831083524',
    '20181212190326',
    true ],
  [ '/w/index.php?title=Kerry_Collins&curid=1102494&diff=873364765&oldid=873214959',
    '20181212190326',
    true ],
  [ '/w/index.php?title=Category_talk:Greek_women_by_century&curid=58218733&diff=873364761&oldid=856012508',
    '20181212190325',
    true ],
  [ '/w/index.php?title=Jason_Castro_(singer)&curid=15796100&diff=873364764&oldid=873279623',
    '20181212190325',
    true ],
  [ '/w/index.php?title=Entropy_(information_theory)&curid=15445&diff=873364763&oldid=873237879',
    '20181212190325',
    true ],
  [ '/w/index.php?title=The_Carrie_Diaries_(TV_series)&curid=35512139&diff=873364762&oldid=871466111',
    '20181212190325',
    true ],
  [ '/w/index.php?title=Hydroxyapatite&curid=1966606&diff=873364760&oldid=861468197',
    '20181212190325',
    true ],
  [ '/w/index.php?title=Marcus_Stoinis&curid=21357068&diff=873364759&oldid=873338403',
    '20181212190324',
    true ],
  [ '/w/index.php?title=Discovery_Asia&curid=30234260&diff=873364758&oldid=871079378',
    '20181212190323',
    true ],
  [ '/w/index.php?title=OneLogin&curid=26627577&diff=873364757&oldid=872198471',
    '20181212190323',
    true ],
  [ '/w/index.php?title=Sixto_Escobar&curid=101967&diff=873364755&oldid=872171211',
    '20181212190322',
    true ],
  [ '/w/index.php?title=User_talk:66.190.44.81&curid=59360435&diff=873364754&oldid=873364234',
    '20181212190322',
    true ],
  [ '/w/index.php?title=The_Flash_(season_5)&curid=57013642&diff=873364756&oldid=873325615',
    '20181212190321',
    true ],
  [ '/w/index.php?title=User:Pampuco/sandbox&curid=45321081&diff=873364751&oldid=873364591',
    '20181212190321',
    true ],
  [ '/w/index.php?title=Season&curid=24873453&diff=873364750&oldid=873364714',
    '20181212190320',
    true ],
  [ '/w/index.php?title=Ruthless_Records&curid=4226234&diff=873364748&oldid=873364647',
    '20181212190320',
    true ],
  [ '/w/index.php?title=A_Tale_of_Two_Cities&curid=3433040&diff=873364747&oldid=872954804',
    '20181212190320',
    true ],
  [ '/w/index.php?title=TBS_(U.S._TV_channel)&curid=31234796&diff=873364752&oldid=873364611',
    '20181212190319',
    true ],
  [ '/w/index.php?title=Aquaman_(film)&curid=43549657&diff=873364744&oldid=873364390',
    '20181212190319',
    true ],
  [ '/w/index.php?title=Category_talk:Ghanaian_women_by_century&curid=58158843&diff=873364741&oldid=855106280',
    '20181212190318',
    true ],
  [ '/w/index.php?title=Nikki_(Forever_the_Sickest_Kids_song)&curid=40622070&diff=873364742&oldid=826508209',
    '20181212190318',
    true ],
  [ '/w/index.php?title=Epithets_in_Homer&curid=922838&diff=873364739&oldid=870586092',
    '20181212190318',
    true ],
  [ '/w/index.php?title=All_I_Want_for_Christmas_Is_You&curid=1822980&diff=873364746&oldid=873354960',
    '20181212190317',
    true ],
  [ '/w/index.php?title=Chris_Close&curid=10719251&diff=873364737&oldid=864779130',
    '20181212190317',
    true ],
  [ '/w/index.php?title=User_talk:118.209.112.25&curid=59360474&action=history',
    '20181212190317',
    true ],
  [ '/w/index.php?title=Oaks_explosion&curid=3938808&diff=873364735&oldid=873354152',
    '20181212190316',
    true ],
  [ '/w/index.php?title=Category_talk:Germanic_women_by_nationality_and_century&curid=59360473&action=history',
    '20181212190315',
    true ],
  [ '/w/index.php?title=Chief_executive_officer&curid=52234&diff=873364733&oldid=873360397',
    '20181212190313',
    true ],
  [ '/w/index.php?title=Udit_Narayan&curid=665337&diff=873364732&oldid=873364549',
    '20181212190312',
    true ],
  [ '/w/index.php?title=List_of_backup_software&curid=1970162&diff=873364729&oldid=873360757',
    '20181212190311',
    true ],
  [ '/w/index.php?title=User_talk:MWahaiibii&curid=56566531&diff=873364728&oldid=873364630',
    '20181212190311',
    true ],
  [ '/w/index.php?title=List_of_monarchs_of_Vietnam&curid=5229588&diff=873364726&oldid=873364242',
    '20181212190310',
    true ],
  [ '/w/index.php?title=Wikipedia:Administrators%27_noticeboard/Incidents&curid=5137507&diff=873364730&oldid=873357046',
    '20181212190309',
    true ],
  [ '/w/index.php?title=User:Ssecora/sandbox&curid=52814844&diff=873364724&oldid=871023019',
    '20181212190309',
    true ],
  [ '/w/index.php?title=Ocimar_Versolato&curid=23977497&diff=873364723&oldid=815453845',
    '20181212190309',
    true ],
  [ '/w/index.php?title=Air_France_Flight_296&curid=2372281&diff=873364721&oldid=861227002',
    '20181212190308',
    true ],
  [ '/w/index.php?title=Category_talk:Frankish_women_by_century&curid=59360472&action=history',
    '20181212190307',
    true ],
  [ '/w/index.php?title=Crofton,_West_Yorkshire&curid=12020259&diff=873364720&oldid=873364510',
    '20181212190307',
    true ],
  [ '/w/index.php?title=List_of_people_educated_at_St_Peter%27s_College,_Auckland&curid=15103453&diff=873364716&oldid=873364593',
    '20181212190307',
    true ],
  [ '/w/index.php?title=Niji_(AAA_song)&curid=37583517&diff=873364718&oldid=840917535',
    '20181212190306',
    true ],
  [ '/w/index.php?title=User:Kirbanzo&curid=56351826&diff=873364715&oldid=873364013',
    '20181212190305',
    true ],
  [ '/w/index.php?title=Category_talk:Finnish_women_by_century&curid=58129248&diff=873364713&oldid=854670678',
    '20181212190305',
    true ],
  [ '/w/index.php?title=Onward_(2020_film)&curid=59360221&diff=873364711&oldid=873363821',
    '20181212190305',
    true ],
  [ '/w/index.php?title=List_of_public_art_in_Berkshire&curid=56216979&diff=873364712&oldid=873364557',
    '20181212190305',
    true ],
  [ '/w/index.php?title=Floridian_%26_Journal&curid=59322259&diff=873364709&oldid=873360533',
    '20181212190304',
    true ],
  [ '/w/index.php?title=The_Last_Witch_Hunter&curid=39497424&diff=873364707&oldid=873298694',
    '20181212190304',
    true ],
  [ '/w/index.php?title=My_Wife%27s_Girlfriends&curid=47170208&diff=873364706&oldid=851123990',
    '20181212190303',
    true ],
  [ '/w/index.php?title=Category_talk:Filipino_women_by_century&curid=58249592&diff=873364705&oldid=856271406',
    '20181212190303',
    true ],
  [ '/w/index.php?title=Template:Germanic_peoples&curid=16595597&diff=873364703&oldid=873364292',
    '20181212190302',
    true ],
  [ '/w/index.php?title=Talk:List_of_cryptids&curid=4422095&diff=873364701&oldid=873364430',
    '20181212190301',
    true ],
  [ '/w/index.php?title=Category_talk:Fijian_women_by_century&curid=58197898&diff=873364700&oldid=855577239',
    '20181212190300',
    true ],
  [ '/w/index.php?title=User_talk:216.168.132.21&curid=58462565&diff=873364699&oldid=873355635',
    '20181212190300',
    true ],
  [ '/w/index.php?title=Westerfield_railway_station&curid=1788096&diff=873364697&oldid=873343693',
    '20181212190300',
    true ],
  [ '/w/index.php?title=Pops,_We_Love_You&curid=59360379&diff=873364693&oldid=873363130',
    '20181212190300',
    true ],
  [ '/w/index.php?title=Ben_Godfrey&curid=47563567&diff=873364696&oldid=873341689',
    '20181212190259',
    true ],
  [ '/w/index.php?title=Wikipedia:Articles_for_creation/Redirects&curid=19266855&diff=873364698&oldid=873363977',
    '20181212190259',
    true ],
  [ '/w/index.php?title=Rita_Crundwell&curid=35700084&diff=873364692&oldid=871107826',
    '20181212190259',
    true ],
  [ '/w/index.php?title=1975_Haicheng_earthquake&curid=17581676&diff=873364694&oldid=873364648',
    '20181212190259',
    true ],
  [ '/w/index.php?title=Category_talk:Ethiopian_women_by_century&curid=58157726&diff=873364691&oldid=855091496',
    '20181212190258',
    true ],
  [ '/w/index.php?title=Judy_Davis&curid=238788&diff=873364689&oldid=873363634',
    '20181212190258',
    true ],
  [ '/w/index.php?title=Edson_Leal_Pujol&curid=38938997&diff=873364688&oldid=873364494',
    '20181212190257',
    true ],
  [ '/w/index.php?title=Gonzalo_Nicol%C3%A1s_Mart%C3%ADnez&curid=46782514&diff=873364687&oldid=873260674',
    '20181212190257',
    true ],
  [ '/w/index.php?title=Flower-drum_opera&curid=10824894&diff=873364686&oldid=873176155',
    '20181212190256',
    true ],
  [ '/w/index.php?title=Category_talk:Estonian_women_by_century&curid=58164327&diff=873364684&oldid=855166477',
    '20181212190255',
    true ],
  [ '/w/index.php?title=Draft:Montford_Johnson&curid=58586460&diff=873364680&oldid=873360635',
    '20181212190253',
    true ],
  [ '/w/index.php?title=Category_talk:Emirati_women_by_century&curid=58184858&diff=873364678&oldid=855428149',
    '20181212190253',
    true ],
  [ '/w/index.php?title=Icecon&curid=57126296&diff=873364675&oldid=873344209',
    '20181212190252',
    true ],
  [ '/w/index.php?title=List_of_Monster_Jam_episodes&curid=36482435&diff=873364674&oldid=873104121',
    '20181212190252',
    true ],
  [ '/w/index.php?title=Nii_v%C3%B5i_naa&curid=50754896&diff=873364676&oldid=750255740',
    '20181212190251',
    true ],
  [ '/w/index.php?title=Category_talk:Egyptian_women_by_century&curid=58150065&diff=873364673&oldid=854971035',
    '20181212190250',
    true ],
  [ '/w/index.php?title=Trail_running&curid=717898&diff=873364672&oldid=873363825',
    '20181212190250',
    true ],
  [ '/w/index.php?title=Talk:Jauhar_Institute_of_Medical_Sciences&curid=54979813&diff=873364668&oldid=796598329',
    '20181212190250',
    true ],
  [ '/w/index.php?title=Sarah_Siddons&curid=221970&diff=873364671&oldid=873355571',
    '20181212190249',
    true ],
  [ '/w/index.php?title=Alexa_Canady&curid=30961849&diff=873364667&oldid=873211616',
    '20181212190249',
    true ],
  [ '/w/index.php?title=Vincenzo_Aiutino&curid=57965477&diff=873364669&oldid=863251453',
    '20181212190249',
    true ],
  [ '/w/index.php?title=Olga_Yamshchikova&curid=41765350&diff=873364666&oldid=873364619',
    '20181212190249',
    true ],
  [ '/w/index.php?title=Beautiful_World_(Take_6_album)&curid=11669007&diff=873364665&oldid=867976114',
    '20181212190249',
    true ],
  [ '/w/index.php?title=Son_Volt&curid=553832&diff=873364664&oldid=873364606',
    '20181212190249',
    true ],
  [ '/w/index.php?title=Admiral_Farragut_Academy&curid=5168442&diff=873364661&oldid=867998389',
    '20181212190248',
    true ],
  [ '/w/index.php?title=Category_talk:Ecuadorian_women_by_century&curid=58178682&diff=873364662&oldid=855356239',
    '20181212190247',
    true ],
  [ '/w/index.php?title=Golden_(Kylie_Minogue_album)&curid=56268315&diff=873364657&oldid=872747715',
    '20181212190247',
    true ],
  [ '/w/index.php?title=DC_Extended_Universe&curid=46754025&diff=873364658&oldid=873346900',
    '20181212190247',
    true ],
  [ '/w/index.php?title=User:Matheus1202/sandbox&curid=42651844&diff=873364656&oldid=873362193',
    '20181212190247',
    true ],
  [ '/w/index.php?title=Template_talk:Infobox_Russian_district&curid=34843947&diff=873364659&oldid=873349082',
    '20181212190246',
    true ],
  [ '/w/index.php?title=Talk:Caroline_Fraser&curid=38507708&diff=873364651&oldid=625291328',
    '20181212190245',
    true ],
  [ '/w/index.php?title=Category_talk:Dutch_women_by_century&curid=58257208&diff=873364653&oldid=856366046',
    '20181212190245',
    true ],
  [ '/w/index.php?title=Boardwalk_Classic&curid=59235022&diff=873364650&oldid=872772536',
    '20181212190245',
    true ],
  [ '/w/index.php?title=Throne_Hall_of_Dongola&curid=58984315&diff=873364652&oldid=873364469',
    '20181212190245',
    true ],
  [ '/w/index.php?title=Talk:Alfred_the_Great&curid=49835&diff=873364654&oldid=873358107',
    '20181212190244',
    true ],
  [ '/w/index.php?title=Bill_Carson_(rugby_league)&curid=39519119&diff=873364649&oldid=865263665',
    '20181212190244',
    true ],
  [ '/w/index.php?title=Ruthless_Records&curid=4226234&diff=873364647&oldid=873364581',
    '20181212190243',
    true ],
  [ '/w/index.php?title=Category_talk:Danish_women_by_century&curid=58225626&diff=873364645&oldid=855979672',
    '20181212190243',
    true ],
  [ '/w/index.php?title=British_Methodist_Episcopal_Church&curid=21747394&diff=873364644&oldid=873364573',
    '20181212190243',
    true ],
  [ '/w/index.php?title=Alpha_Group&curid=532719&diff=873364642&oldid=873364517',
    '20181212190243',
    true ],
  [ '/w/index.php?title=Villanueva_de_G%C3%A1llego&curid=13172598&diff=873364641&oldid=820320593',
    '20181212190242',
    true ],
  ... 400 more items ]
